[0m08:07:37.431150 [debug] [MainThread]: Sending event: {'category': 'dbt', 'action': 'invocation', 'label': 'start', 'context': [<snowplow_tracker.self_describing_json.SelfDescribingJson object at 0x0000025D5A5E6810>, <snowplow_tracker.self_describing_json.SelfDescribingJson object at 0x0000025D5A5E7CD0>, <snowplow_tracker.self_describing_json.SelfDescribingJson object at 0x0000025D5A5F3B90>]}


============================== 08:07:37.435150 | 6d43250e-d0ba-4184-a8fc-97731fca7ba0 ==============================
[0m08:07:37.435150 [info ] [MainThread]: Running with dbt=1.9.2
[0m08:07:37.436002 [debug] [MainThread]: running dbt with arguments {'printer_width': '80', 'indirect_selection': 'eager', 'log_cache_events': 'False', 'write_json': 'True', 'partial_parse': 'True', 'cache_selected_only': 'False', 'profiles_dir': 'C:\\Users\\vinic\\.dbt', 'version_check': 'True', 'warn_error': 'None', 'log_path': 'logs', 'fail_fast': 'False', 'debug': 'False', 'use_colors': 'True', 'use_experimental_parser': 'False', 'empty': 'None', 'quiet': 'False', 'no_print': 'None', 'log_format': 'default', 'introspect': 'True', 'static_parser': 'True', 'warn_error_options': 'WarnErrorOptions(include=[], exclude=[])', 'target_path': 'None', 'invocation_command': 'dbt debug', 'send_anonymous_usage_stats': 'True'}
[0m08:07:37.456149 [info ] [MainThread]: dbt version: 1.9.2
[0m08:07:37.457150 [info ] [MainThread]: python version: 3.11.5
[0m08:07:37.458318 [info ] [MainThread]: python path: C:\Users\vinic\Projetos\boatcamp-dbt\aula_02\.venv\Scripts\python.exe
[0m08:07:37.458739 [info ] [MainThread]: os info: Windows-10-10.0.26100-SP0
[0m08:07:37.589035 [info ] [MainThread]: Using profiles dir at C:\Users\vinic\.dbt
[0m08:07:37.589588 [info ] [MainThread]: Using profiles.yml file at C:\Users\vinic\.dbt\profiles.yml
[0m08:07:37.590605 [info ] [MainThread]: Using dbt_project.yml file at C:\Users\vinic\Projetos\boatcamp-dbt\aula_02\dbt_project.yml
[0m08:07:37.591605 [info ] [MainThread]: adapter type: postgres
[0m08:07:37.592605 [info ] [MainThread]: adapter version: 1.9.0
[0m08:07:37.592605 [info ] [MainThread]: Configuration:
[0m08:07:37.593605 [info ] [MainThread]:   profiles.yml file [[32mOK found and valid[0m]
[0m08:07:37.593605 [info ] [MainThread]:   dbt_project.yml file [[31mERROR not found[0m]
[0m08:07:37.594605 [info ] [MainThread]: Required dependencies:
[0m08:07:37.595609 [debug] [MainThread]: Executing "git --help"
[0m08:07:37.718214 [debug] [MainThread]: STDOUT: "b"usage: git [-v | --version] [-h | --help] [-C <path>] [-c <name>=<value>]\n           [--exec-path[=<path>]] [--html-path] [--man-path] [--info-path]\n           [-p | --paginate | -P | --no-pager] [--no-replace-objects] [--no-lazy-fetch]\n           [--no-optional-locks] [--no-advice] [--bare] [--git-dir=<path>]\n           [--work-tree=<path>] [--namespace=<name>] [--config-env=<name>=<envvar>]\n           <command> [<args>]\n\nThese are common Git commands used in various situations:\n\nstart a working area (see also: git help tutorial)\n   clone      Clone a repository into a new directory\n   init       Create an empty Git repository or reinitialize an existing one\n\nwork on the current change (see also: git help everyday)\n   add        Add file contents to the index\n   mv         Move or rename a file, a directory, or a symlink\n   restore    Restore working tree files\n   rm         Remove files from the working tree and from the index\n\nexamine the history and state (see also: git help revisions)\n   bisect     Use binary search to find the commit that introduced a bug\n   diff       Show changes between commits, commit and working tree, etc\n   grep       Print lines matching a pattern\n   log        Show commit logs\n   show       Show various types of objects\n   status     Show the working tree status\n\ngrow, mark and tweak your common history\n   backfill   Download missing objects in a partial clone\n   branch     List, create, or delete branches\n   commit     Record changes to the repository\n   merge      Join two or more development histories together\n   rebase     Reapply commits on top of another base tip\n   reset      Reset current HEAD to the specified state\n   switch     Switch branches\n   tag        Create, list, delete or verify a tag object signed with GPG\n\ncollaborate (see also: git help workflows)\n   fetch      Download objects and refs from another repository\n   pull       Fetch from and integrate with another repository or a local branch\n   push       Update remote refs along with associated objects\n\n'git help -a' and 'git help -g' list available subcommands and some\nconcept guides. See 'git help <command>' or 'git help <concept>'\nto read about a specific subcommand or concept.\nSee 'git help git' for an overview of the system.\n""
[0m08:07:37.718214 [debug] [MainThread]: STDERR: "b''"
[0m08:07:37.719157 [info ] [MainThread]:  - git [[32mOK found[0m]

[0m08:07:37.720045 [info ] [MainThread]: Connection:
[0m08:07:37.720045 [info ] [MainThread]:   host: dpg-cuqsuhdds78s7382bbog-a.oregon-postgres.render.com
[0m08:07:37.721042 [info ] [MainThread]:   port: 5432
[0m08:07:37.722042 [info ] [MainThread]:   user: postgres_boatcamp
[0m08:07:37.722042 [info ] [MainThread]:   database: northwind_dbt
[0m08:07:37.723042 [info ] [MainThread]:   schema: public
[0m08:07:37.723042 [info ] [MainThread]:   connect_timeout: 10
[0m08:07:37.724406 [info ] [MainThread]:   role: None
[0m08:07:37.724406 [info ] [MainThread]:   search_path: None
[0m08:07:37.726709 [info ] [MainThread]:   keepalives_idle: 0
[0m08:07:37.727934 [info ] [MainThread]:   sslmode: None
[0m08:07:37.727934 [info ] [MainThread]:   sslcert: None
[0m08:07:37.728940 [info ] [MainThread]:   sslkey: None
[0m08:07:37.729939 [info ] [MainThread]:   sslrootcert: None
[0m08:07:37.730940 [info ] [MainThread]:   application_name: dbt
[0m08:07:37.731941 [info ] [MainThread]:   retries: 1
[0m08:07:37.732947 [info ] [MainThread]: Registered adapter: postgres=1.9.0
[0m08:07:37.963099 [debug] [MainThread]: Acquiring new postgres connection 'debug'
[0m08:07:41.088427 [debug] [MainThread]: Using postgres connection "debug"
[0m08:07:41.088427 [debug] [MainThread]: On debug: select 1 as id
[0m08:07:41.089404 [debug] [MainThread]: Opening a new connection, currently in state init
[0m08:07:42.993004 [debug] [MainThread]: SQL status: SELECT 1 in 1.903 seconds
[0m08:07:42.994018 [debug] [MainThread]: On debug: Close
[0m08:07:42.995018 [info ] [MainThread]:   Connection test: [[32mOK connection ok[0m]

[0m08:07:42.996006 [info ] [MainThread]: [31m1 check failed:[0m
[0m08:07:42.996006 [info ] [MainThread]: Project loading failed for the following reason:
 project path <C:\Users\vinic\Projetos\boatcamp-dbt\aula_02\dbt_project.yml> not found

[0m08:07:42.997005 [debug] [MainThread]: Command `dbt debug` failed at 08:07:42.997005 after 5.64 seconds
[0m08:07:42.998013 [debug] [MainThread]: Connection 'debug' was properly closed.
[0m08:07:42.999013 [debug] [MainThread]: Sending event: {'category': 'dbt', 'action': 'invocation', 'label': 'end', 'context': [<snowplow_tracker.self_describing_json.SelfDescribingJson object at 0x0000025D5A29D250>, <snowplow_tracker.self_describing_json.SelfDescribingJson object at 0x0000025D53F8ACD0>, <snowplow_tracker.self_describing_json.SelfDescribingJson object at 0x0000025D5A5C1250>]}
[0m08:07:42.999520 [debug] [MainThread]: Flushing usage events
[0m08:07:43.622845 [debug] [MainThread]: An error was encountered while trying to flush usage events
[0m10:07:06.219601 [debug] [MainThread]: Sending event: {'category': 'dbt', 'action': 'invocation', 'label': 'start', 'context': [<snowplow_tracker.self_describing_json.SelfDescribingJson object at 0x000001FC97B1BD50>, <snowplow_tracker.self_describing_json.SelfDescribingJson object at 0x000001FC97B19E50>, <snowplow_tracker.self_describing_json.SelfDescribingJson object at 0x000001FC97B1BFD0>]}


============================== 10:07:06.225715 | 43b15ffa-6378-4d87-b1c0-0de54c6e9ca0 ==============================
[0m10:07:06.225715 [info ] [MainThread]: Running with dbt=1.8.1
[0m10:07:06.226601 [debug] [MainThread]: running dbt with arguments {'printer_width': '80', 'indirect_selection': 'eager', 'write_json': 'True', 'log_cache_events': 'False', 'partial_parse': 'True', 'cache_selected_only': 'False', 'warn_error': 'None', 'fail_fast': 'False', 'debug': 'False', 'log_path': 'logs', 'version_check': 'True', 'profiles_dir': 'C:\\Users\\vinic\\Projetos\\boatcamp-dbt\\aula_02', 'use_colors': 'True', 'use_experimental_parser': 'False', 'no_print': 'None', 'quiet': 'False', 'log_format': 'default', 'introspect': 'True', 'static_parser': 'True', 'warn_error_options': 'WarnErrorOptions(include=[], exclude=[])', 'target_path': 'None', 'invocation_command': 'dbt debug', 'send_anonymous_usage_stats': 'True'}
[0m10:07:06.245602 [info ] [MainThread]: dbt version: 1.8.1
[0m10:07:06.246602 [info ] [MainThread]: python version: 3.11.5
[0m10:07:06.247602 [info ] [MainThread]: python path: C:\Users\vinic\Projetos\boatcamp-dbt\aula_02\.venv\Scripts\python.exe
[0m10:07:06.248602 [info ] [MainThread]: os info: Windows-10-10.0.26100-SP0
[0m10:07:06.304884 [info ] [MainThread]: Using profiles dir at C:\Users\vinic\Projetos\boatcamp-dbt\aula_02
[0m10:07:06.305890 [info ] [MainThread]: Using profiles.yml file at C:\Users\vinic\Projetos\boatcamp-dbt\aula_02\profiles.yml
[0m10:07:06.306882 [info ] [MainThread]: Using dbt_project.yml file at C:\Users\vinic\Projetos\boatcamp-dbt\aula_02\dbt_project.yml
[0m10:07:06.307881 [info ] [MainThread]: adapter type: postgres
[0m10:07:06.307881 [info ] [MainThread]: adapter version: 1.8.1
[0m10:07:06.308883 [info ] [MainThread]: Configuration:
[0m10:07:06.310138 [info ] [MainThread]:   profiles.yml file [[32mOK found and valid[0m]
[0m10:07:06.311143 [info ] [MainThread]:   dbt_project.yml file [[31mERROR not found[0m]
[0m10:07:06.312144 [info ] [MainThread]: Required dependencies:
[0m10:07:06.312144 [debug] [MainThread]: Executing "git --help"
[0m10:07:06.447549 [debug] [MainThread]: STDOUT: "b"usage: git [-v | --version] [-h | --help] [-C <path>] [-c <name>=<value>]\n           [--exec-path[=<path>]] [--html-path] [--man-path] [--info-path]\n           [-p | --paginate | -P | --no-pager] [--no-replace-objects] [--no-lazy-fetch]\n           [--no-optional-locks] [--no-advice] [--bare] [--git-dir=<path>]\n           [--work-tree=<path>] [--namespace=<name>] [--config-env=<name>=<envvar>]\n           <command> [<args>]\n\nThese are common Git commands used in various situations:\n\nstart a working area (see also: git help tutorial)\n   clone      Clone a repository into a new directory\n   init       Create an empty Git repository or reinitialize an existing one\n\nwork on the current change (see also: git help everyday)\n   add        Add file contents to the index\n   mv         Move or rename a file, a directory, or a symlink\n   restore    Restore working tree files\n   rm         Remove files from the working tree and from the index\n\nexamine the history and state (see also: git help revisions)\n   bisect     Use binary search to find the commit that introduced a bug\n   diff       Show changes between commits, commit and working tree, etc\n   grep       Print lines matching a pattern\n   log        Show commit logs\n   show       Show various types of objects\n   status     Show the working tree status\n\ngrow, mark and tweak your common history\n   backfill   Download missing objects in a partial clone\n   branch     List, create, or delete branches\n   commit     Record changes to the repository\n   merge      Join two or more development histories together\n   rebase     Reapply commits on top of another base tip\n   reset      Reset current HEAD to the specified state\n   switch     Switch branches\n   tag        Create, list, delete or verify a tag object signed with GPG\n\ncollaborate (see also: git help workflows)\n   fetch      Download objects and refs from another repository\n   pull       Fetch from and integrate with another repository or a local branch\n   push       Update remote refs along with associated objects\n\n'git help -a' and 'git help -g' list available subcommands and some\nconcept guides. See 'git help <command>' or 'git help <concept>'\nto read about a specific subcommand or concept.\nSee 'git help git' for an overview of the system.\n""
[0m10:07:06.447549 [debug] [MainThread]: STDERR: "b''"
[0m10:07:06.448586 [info ] [MainThread]:  - git [[32mOK found[0m]

[0m10:07:06.449550 [info ] [MainThread]: Connection:
[0m10:07:06.449550 [info ] [MainThread]:   host: dpg-cuqsuhdds78s7382bbog-a.oregon-postgres.render.com
[0m10:07:06.450549 [info ] [MainThread]:   port: 5432
[0m10:07:06.451551 [info ] [MainThread]:   user: postgres_boatcamp
[0m10:07:06.452549 [info ] [MainThread]:   database: dbname: northwind_dbt
[0m10:07:06.452549 [info ] [MainThread]:   schema: public
[0m10:07:06.453549 [info ] [MainThread]:   connect_timeout: 10
[0m10:07:06.453549 [info ] [MainThread]:   role: None
[0m10:07:06.453549 [info ] [MainThread]:   search_path: None
[0m10:07:06.454551 [info ] [MainThread]:   keepalives_idle: 0
[0m10:07:06.455549 [info ] [MainThread]:   sslmode: None
[0m10:07:06.455549 [info ] [MainThread]:   sslcert: None
[0m10:07:06.456550 [info ] [MainThread]:   sslkey: None
[0m10:07:06.457550 [info ] [MainThread]:   sslrootcert: None
[0m10:07:06.457550 [info ] [MainThread]:   application_name: dbt
[0m10:07:06.458551 [info ] [MainThread]:   retries: 1
[0m10:07:06.459550 [info ] [MainThread]: Registered adapter: postgres=1.8.1
[0m10:07:06.460550 [debug] [MainThread]: Acquiring new postgres connection 'debug'
[0m10:07:06.543987 [debug] [MainThread]: Using postgres connection "debug"
[0m10:07:06.544986 [debug] [MainThread]: On debug: select 1 as id
[0m10:07:06.544986 [debug] [MainThread]: Opening a new connection, currently in state init
[0m10:07:07.694499 [debug] [MainThread]: Postgres adapter: Got a retryable error when attempting to open a postgres connection.
1 attempts remaining. Retrying in 0 seconds.
Error:
connection to server at "dpg-cuqsuhdds78s7382bbog-a.oregon-postgres.render.com" (35.227.164.209), port 5432 failed: FATAL:  database "dbname: northwind_dbt" does not exist

[0m10:07:08.782159 [debug] [MainThread]: Postgres adapter: Error running SQL: select 1 as id
[0m10:07:08.783178 [debug] [MainThread]: Postgres adapter: Rolling back transaction.
[0m10:07:08.785173 [debug] [MainThread]: On debug: No close available on handle
[0m10:07:08.786158 [info ] [MainThread]:   Connection test: [[31mERROR[0m]

[0m10:07:08.788158 [info ] [MainThread]: [31m2 checks failed:[0m
[0m10:07:08.790164 [info ] [MainThread]: Project loading failed for the following reason:
 project path <C:\Users\vinic\Projetos\boatcamp-dbt\aula_02\dbt_project.yml> not found

[0m10:07:08.792165 [info ] [MainThread]: dbt was unable to connect to the specified database.
The database returned the following error:

  >Database Error
  connection to server at "dpg-cuqsuhdds78s7382bbog-a.oregon-postgres.render.com" (35.227.164.209), port 5432 failed: FATAL:  database "dbname: northwind_dbt" does not exist
  

Check your database credentials and try again. For more information, visit:
https://docs.getdbt.com/docs/configure-your-profile


[0m10:07:08.796435 [debug] [MainThread]: Command `dbt debug` failed at 10:07:08.795429 after 2.74 seconds
[0m10:07:08.797424 [debug] [MainThread]: Connection 'debug' was properly closed.
[0m10:07:08.798427 [debug] [MainThread]: Sending event: {'category': 'dbt', 'action': 'invocation', 'label': 'end', 'context': [<snowplow_tracker.self_describing_json.SelfDescribingJson object at 0x000001FC9158BBD0>, <snowplow_tracker.self_describing_json.SelfDescribingJson object at 0x000001FC915D9810>, <snowplow_tracker.self_describing_json.SelfDescribingJson object at 0x000001FC915D9710>]}
[0m10:07:08.799422 [debug] [MainThread]: Flushing usage events
[0m10:25:28.422518 [debug] [MainThread]: Sending event: {'category': 'dbt', 'action': 'invocation', 'label': 'start', 'context': [<snowplow_tracker.self_describing_json.SelfDescribingJson object at 0x00000209C4DFDB50>, <snowplow_tracker.self_describing_json.SelfDescribingJson object at 0x00000209C4B86B10>, <snowplow_tracker.self_describing_json.SelfDescribingJson object at 0x00000209C4DFF190>]}


============================== 10:25:28.429567 | 2f2be250-c860-4bc3-8b31-9c87cf868fd3 ==============================
[0m10:25:28.429567 [info ] [MainThread]: Running with dbt=1.8.1
[0m10:25:28.432542 [debug] [MainThread]: running dbt with arguments {'printer_width': '80', 'indirect_selection': 'eager', 'log_cache_events': 'False', 'write_json': 'True', 'partial_parse': 'True', 'cache_selected_only': 'False', 'profiles_dir': '../', 'debug': 'False', 'warn_error': 'None', 'log_path': 'logs', 'fail_fast': 'False', 'version_check': 'True', 'use_colors': 'True', 'use_experimental_parser': 'False', 'no_print': 'None', 'quiet': 'False', 'warn_error_options': 'WarnErrorOptions(include=[], exclude=[])', 'invocation_command': 'dbt debug', 'introspect': 'True', 'static_parser': 'True', 'target_path': 'None', 'log_format': 'default', 'send_anonymous_usage_stats': 'True'}
[0m10:25:28.489679 [info ] [MainThread]: dbt version: 1.8.1
[0m10:25:28.493679 [info ] [MainThread]: python version: 3.11.5
[0m10:25:28.496680 [info ] [MainThread]: python path: C:\Users\vinic\Projetos\boatcamp-dbt\aula_02\.venv\Scripts\python.exe
[0m10:25:28.500581 [info ] [MainThread]: os info: Windows-10-10.0.26100-SP0
[0m10:25:28.505580 [info ] [MainThread]: Using profiles dir at ../
[0m10:25:28.509564 [info ] [MainThread]: Using profiles.yml file at ../profiles.yml
[0m10:25:28.512589 [info ] [MainThread]: Using dbt_project.yml file at C:\Users\vinic\Projetos\boatcamp-dbt\aula_02\dbt_project.yml
[0m10:25:28.516570 [info ] [MainThread]: Configuration:
[0m10:25:28.520573 [info ] [MainThread]:   profiles.yml file [[31mERROR not found[0m]
[0m10:25:28.523565 [info ] [MainThread]:   dbt_project.yml file [[31mERROR not found[0m]
[0m10:25:28.526569 [info ] [MainThread]: Required dependencies:
[0m10:25:28.528580 [debug] [MainThread]: Executing "git --help"
[0m10:25:28.836815 [debug] [MainThread]: STDOUT: "b"usage: git [-v | --version] [-h | --help] [-C <path>] [-c <name>=<value>]\n           [--exec-path[=<path>]] [--html-path] [--man-path] [--info-path]\n           [-p | --paginate | -P | --no-pager] [--no-replace-objects] [--no-lazy-fetch]\n           [--no-optional-locks] [--no-advice] [--bare] [--git-dir=<path>]\n           [--work-tree=<path>] [--namespace=<name>] [--config-env=<name>=<envvar>]\n           <command> [<args>]\n\nThese are common Git commands used in various situations:\n\nstart a working area (see also: git help tutorial)\n   clone      Clone a repository into a new directory\n   init       Create an empty Git repository or reinitialize an existing one\n\nwork on the current change (see also: git help everyday)\n   add        Add file contents to the index\n   mv         Move or rename a file, a directory, or a symlink\n   restore    Restore working tree files\n   rm         Remove files from the working tree and from the index\n\nexamine the history and state (see also: git help revisions)\n   bisect     Use binary search to find the commit that introduced a bug\n   diff       Show changes between commits, commit and working tree, etc\n   grep       Print lines matching a pattern\n   log        Show commit logs\n   show       Show various types of objects\n   status     Show the working tree status\n\ngrow, mark and tweak your common history\n   backfill   Download missing objects in a partial clone\n   branch     List, create, or delete branches\n   commit     Record changes to the repository\n   merge      Join two or more development histories together\n   rebase     Reapply commits on top of another base tip\n   reset      Reset current HEAD to the specified state\n   switch     Switch branches\n   tag        Create, list, delete or verify a tag object signed with GPG\n\ncollaborate (see also: git help workflows)\n   fetch      Download objects and refs from another repository\n   pull       Fetch from and integrate with another repository or a local branch\n   push       Update remote refs along with associated objects\n\n'git help -a' and 'git help -g' list available subcommands and some\nconcept guides. See 'git help <command>' or 'git help <concept>'\nto read about a specific subcommand or concept.\nSee 'git help git' for an overview of the system.\n""
[0m10:25:28.837720 [debug] [MainThread]: STDERR: "b''"
[0m10:25:28.837720 [info ] [MainThread]:  - git [[32mOK found[0m]

[0m10:25:28.839724 [info ] [MainThread]: Connection test skipped since no profile was found
[0m10:25:28.842367 [info ] [MainThread]: [31m2 checks failed:[0m
[0m10:25:28.844359 [info ] [MainThread]: dbt looked for a profiles.yml file in ../profiles.yml, but did
not find one. For more information on configuring your profile, consult the
documentation:

https://docs.getdbt.com/docs/configure-your-profile


[0m10:25:28.846354 [info ] [MainThread]: Project loading failed for the following reason:
 project path <C:\Users\vinic\Projetos\boatcamp-dbt\aula_02\dbt_project.yml> not found

[0m10:25:28.847355 [debug] [MainThread]: Command `dbt debug` failed at 10:25:28.847355 after 0.54 seconds
[0m10:25:28.848377 [debug] [MainThread]: Sending event: {'category': 'dbt', 'action': 'invocation', 'label': 'end', 'context': [<snowplow_tracker.self_describing_json.SelfDescribingJson object at 0x00000209C4DFC810>, <snowplow_tracker.self_describing_json.SelfDescribingJson object at 0x00000209BE8ABB50>, <snowplow_tracker.self_describing_json.SelfDescribingJson object at 0x00000209C4DA9190>]}
[0m10:25:28.848377 [debug] [MainThread]: Flushing usage events
[0m10:29:18.301760 [debug] [MainThread]: Sending event: {'category': 'dbt', 'action': 'invocation', 'label': 'start', 'context': [<snowplow_tracker.self_describing_json.SelfDescribingJson object at 0x0000012D3BD7B910>, <snowplow_tracker.self_describing_json.SelfDescribingJson object at 0x0000012D3BB03190>, <snowplow_tracker.self_describing_json.SelfDescribingJson object at 0x0000012D3BD7BA50>]}


============================== 10:29:18.304752 | 016548ba-be3b-43dd-a104-78d87c9e42fe ==============================
[0m10:29:18.304752 [info ] [MainThread]: Running with dbt=1.8.1
[0m10:29:18.305738 [debug] [MainThread]: running dbt with arguments {'printer_width': '80', 'indirect_selection': 'eager', 'write_json': 'True', 'log_cache_events': 'False', 'partial_parse': 'True', 'cache_selected_only': 'False', 'warn_error': 'None', 'version_check': 'True', 'profiles_dir': 'C:\\Users\\vinic\\Projetos\\boatcamp-dbt\\aula_02', 'log_path': 'logs', 'fail_fast': 'False', 'debug': 'False', 'use_colors': 'True', 'use_experimental_parser': 'False', 'no_print': 'None', 'quiet': 'False', 'log_format': 'default', 'introspect': 'True', 'invocation_command': 'dbt debug', 'static_parser': 'True', 'target_path': 'None', 'warn_error_options': 'WarnErrorOptions(include=[], exclude=[])', 'send_anonymous_usage_stats': 'True'}
[0m10:29:18.334161 [info ] [MainThread]: dbt version: 1.8.1
[0m10:29:18.334161 [info ] [MainThread]: python version: 3.11.5
[0m10:29:18.335153 [info ] [MainThread]: python path: C:\Users\vinic\Projetos\boatcamp-dbt\aula_02\.venv\Scripts\python.exe
[0m10:29:18.336153 [info ] [MainThread]: os info: Windows-10-10.0.26100-SP0
[0m10:29:18.415183 [info ] [MainThread]: Using profiles dir at C:\Users\vinic\Projetos\boatcamp-dbt\aula_02
[0m10:29:18.416165 [info ] [MainThread]: Using profiles.yml file at C:\Users\vinic\Projetos\boatcamp-dbt\aula_02\profiles.yml
[0m10:29:18.417164 [info ] [MainThread]: Using dbt_project.yml file at C:\Users\vinic\Projetos\boatcamp-dbt\aula_02\dbt_project.yml
[0m10:29:18.418166 [info ] [MainThread]: adapter type: postgres
[0m10:29:18.420165 [info ] [MainThread]: adapter version: 1.8.1
[0m10:29:18.420165 [info ] [MainThread]: Configuration:
[0m10:29:18.421170 [info ] [MainThread]:   profiles.yml file [[32mOK found and valid[0m]
[0m10:29:18.422173 [info ] [MainThread]:   dbt_project.yml file [[31mERROR not found[0m]
[0m10:29:18.423170 [info ] [MainThread]: Required dependencies:
[0m10:29:18.424169 [debug] [MainThread]: Executing "git --help"
[0m10:29:18.577974 [debug] [MainThread]: STDOUT: "b"usage: git [-v | --version] [-h | --help] [-C <path>] [-c <name>=<value>]\n           [--exec-path[=<path>]] [--html-path] [--man-path] [--info-path]\n           [-p | --paginate | -P | --no-pager] [--no-replace-objects] [--no-lazy-fetch]\n           [--no-optional-locks] [--no-advice] [--bare] [--git-dir=<path>]\n           [--work-tree=<path>] [--namespace=<name>] [--config-env=<name>=<envvar>]\n           <command> [<args>]\n\nThese are common Git commands used in various situations:\n\nstart a working area (see also: git help tutorial)\n   clone      Clone a repository into a new directory\n   init       Create an empty Git repository or reinitialize an existing one\n\nwork on the current change (see also: git help everyday)\n   add        Add file contents to the index\n   mv         Move or rename a file, a directory, or a symlink\n   restore    Restore working tree files\n   rm         Remove files from the working tree and from the index\n\nexamine the history and state (see also: git help revisions)\n   bisect     Use binary search to find the commit that introduced a bug\n   diff       Show changes between commits, commit and working tree, etc\n   grep       Print lines matching a pattern\n   log        Show commit logs\n   show       Show various types of objects\n   status     Show the working tree status\n\ngrow, mark and tweak your common history\n   backfill   Download missing objects in a partial clone\n   branch     List, create, or delete branches\n   commit     Record changes to the repository\n   merge      Join two or more development histories together\n   rebase     Reapply commits on top of another base tip\n   reset      Reset current HEAD to the specified state\n   switch     Switch branches\n   tag        Create, list, delete or verify a tag object signed with GPG\n\ncollaborate (see also: git help workflows)\n   fetch      Download objects and refs from another repository\n   pull       Fetch from and integrate with another repository or a local branch\n   push       Update remote refs along with associated objects\n\n'git help -a' and 'git help -g' list available subcommands and some\nconcept guides. See 'git help <command>' or 'git help <concept>'\nto read about a specific subcommand or concept.\nSee 'git help git' for an overview of the system.\n""
[0m10:29:18.577974 [debug] [MainThread]: STDERR: "b''"
[0m10:29:18.578981 [info ] [MainThread]:  - git [[32mOK found[0m]

[0m10:29:18.579979 [info ] [MainThread]: Connection:
[0m10:29:18.579979 [info ] [MainThread]:   host: dpg-cuqsuhdds78s7382bbog-a.oregon-postgres.render.com
[0m10:29:18.581118 [info ] [MainThread]:   port: 5432
[0m10:29:18.581118 [info ] [MainThread]:   user: postgres_boatcamp
[0m10:29:18.582123 [info ] [MainThread]:   database: northwind_dbt
[0m10:29:18.583124 [info ] [MainThread]:   schema: public
[0m10:29:18.583124 [info ] [MainThread]:   connect_timeout: 10
[0m10:29:18.584157 [info ] [MainThread]:   role: None
[0m10:29:18.584157 [info ] [MainThread]:   search_path: None
[0m10:29:18.585124 [info ] [MainThread]:   keepalives_idle: 0
[0m10:29:18.585124 [info ] [MainThread]:   sslmode: None
[0m10:29:18.586124 [info ] [MainThread]:   sslcert: None
[0m10:29:18.587124 [info ] [MainThread]:   sslkey: None
[0m10:29:18.588123 [info ] [MainThread]:   sslrootcert: None
[0m10:29:18.588123 [info ] [MainThread]:   application_name: dbt
[0m10:29:18.589124 [info ] [MainThread]:   retries: 1
[0m10:29:18.589124 [info ] [MainThread]: Registered adapter: postgres=1.8.1
[0m10:29:18.590126 [debug] [MainThread]: Acquiring new postgres connection 'debug'
[0m10:29:18.667301 [debug] [MainThread]: Using postgres connection "debug"
[0m10:29:18.668301 [debug] [MainThread]: On debug: select 1 as id
[0m10:29:18.668301 [debug] [MainThread]: Opening a new connection, currently in state init
[0m10:29:20.214786 [debug] [MainThread]: SQL status: SELECT 1 in 2.0 seconds
[0m10:29:20.215823 [debug] [MainThread]: On debug: Close
[0m10:29:20.216786 [info ] [MainThread]:   Connection test: [[32mOK connection ok[0m]

[0m10:29:20.216786 [info ] [MainThread]: [31m1 check failed:[0m
[0m10:29:20.217787 [info ] [MainThread]: Project loading failed for the following reason:
 project path <C:\Users\vinic\Projetos\boatcamp-dbt\aula_02\dbt_project.yml> not found

[0m10:29:20.219818 [debug] [MainThread]: Command `dbt debug` failed at 10:29:20.219818 after 2.02 seconds
[0m10:29:20.219818 [debug] [MainThread]: Connection 'debug' was properly closed.
[0m10:29:20.220788 [debug] [MainThread]: Sending event: {'category': 'dbt', 'action': 'invocation', 'label': 'end', 'context': [<snowplow_tracker.self_describing_json.SelfDescribingJson object at 0x0000012D3583BB50>, <snowplow_tracker.self_describing_json.SelfDescribingJson object at 0x0000012D3C02AD10>, <snowplow_tracker.self_describing_json.SelfDescribingJson object at 0x0000012D3BE2F3D0>]}
[0m10:29:20.220788 [debug] [MainThread]: Flushing usage events
